tag: 
alg: ddpg
learn: hgg
env: FetchSlide-v1
goal: interval
init_offset: 1.0
graph: False
show_goals: 0
play_path: None
play_epoch: latest
stop_hgg_threshold: 2
n_x: 31
n_y: 31
n_z: 11
gamma: 0.98
clip_return: True
eps_act: 0.3
std_act: 0.2
pi_lr: 0.001
q_lr: 0.001
act_l2: 1.0
polyak: 0.95
epoches: 40
cycles: 20
episodes: 50
timesteps: 50
train_batches: 20
buffer_size: 10000
buffer_type: energy
batch_size: 256
warmup: 10000
her: future
her_ratio: 0.8
pool_rule: full
hgg_c: 3.0
hgg_L: 5.0
hgg_pool_size: 1000
save_acc: True
num_vertices: [31, 31, 11]
goal_based: True
clip_return_l: -49.99999999999996
clip_return_r: 0.0
*** network initialization complete ***
*** tester initialization complete ***
2020-10-07 17:41:19
+---------------+-------+
| Epoch         | 0/40  |
| Cycle         | 0/20  |
| Episodes      | 50    |
| Timesteps     | 2500  |
| TimeCost(sec) | 8.916 |
| Pi_q_loss     |       |
| Pi_l2_loss    |       |
| Q_loss        |       |
| Success       | 0.0   |
+---------------+-------+
Saved as best policy to log/ddpg-FetchSlide-v1-hgg/!
2020-10-07 17:41:29
+---------------+--------+
| Epoch         | 0/40   |
| Cycle         | 1/20   |
| Episodes      | 100    |
| Timesteps     | 5000   |
| TimeCost(sec) | 10.236 |
| Pi_q_loss     |        |
| Pi_l2_loss    |        |
| Q_loss        |        |
| Success       | 0.0    |
+---------------+--------+
2020-10-07 17:41:39
+---------------+-------+
| Epoch         | 0/40  |
| Cycle         | 2/20  |
| Episodes      | 150   |
| Timesteps     | 7500  |
| TimeCost(sec) | 9.751 |
| Pi_q_loss     |       |
| Pi_l2_loss    |       |
| Q_loss        |       |
| Success       | 0.0   |
+---------------+-------+
2020-10-07 17:41:50
+---------------+-------+
| Epoch         | 0/40  |
| Cycle         | 3/20  |
| Episodes      | 200   |
| Timesteps     | 10000 |
| TimeCost(sec) | 11.09 |
| Pi_q_loss     | 0.457 |
| Pi_l2_loss    | 0.012 |
| Q_loss        | 0.23  |
| Success       | 0.0   |
+---------------+-------+
2020-10-07 17:42:18
+---------------+--------+
| Epoch         | 0/40   |
| Cycle         | 4/20   |
| Episodes      | 250    |
| Timesteps     | 12500  |
| TimeCost(sec) | 27.228 |
| Pi_q_loss     | 0.931  |
| Pi_l2_loss    | 0.003  |
| Q_loss        | 0.025  |
| Success       | 0.0    |
+---------------+--------+
2020-10-07 17:42:44
+---------------+--------+
| Epoch         | 0/40   |
| Cycle         | 5/20   |
| Episodes      | 300    |
| Timesteps     | 15000  |
| TimeCost(sec) | 26.625 |
| Pi_q_loss     | 1.799  |
| Pi_l2_loss    | 0.004  |
| Q_loss        | 0.021  |
| Success       | 0.0    |
+---------------+--------+
2020-10-07 17:43:12
+---------------+--------+
| Epoch         | 0/40   |
| Cycle         | 6/20   |
| Episodes      | 350    |
| Timesteps     | 17500  |
| TimeCost(sec) | 27.381 |
| Pi_q_loss     | 2.595  |
| Pi_l2_loss    | 0.02   |
| Q_loss        | 0.028  |
| Success       | 0.0    |
+---------------+--------+
2020-10-07 17:43:39
+---------------+--------+
| Epoch         | 0/40   |
| Cycle         | 7/20   |
| Episodes      | 400    |
| Timesteps     | 20000  |
| TimeCost(sec) | 27.471 |
| Pi_q_loss     | 3.294  |
| Pi_l2_loss    | 0.03   |
| Q_loss        | 0.033  |
| Success       | 0.0    |
+---------------+--------+
2020-10-07 17:44:07
+---------------+--------+
| Epoch         | 0/40   |
| Cycle         | 8/20   |
| Episodes      | 450    |
| Timesteps     | 22500  |
| TimeCost(sec) | 27.304 |
| Pi_q_loss     | 3.811  |
| Pi_l2_loss    | 0.042  |
| Q_loss        | 0.04   |
| Success       | 0.0    |
+---------------+--------+
2020-10-07 17:44:35
+---------------+--------+
| Epoch         | 0/40   |
| Cycle         | 9/20   |
| Episodes      | 500    |
| Timesteps     | 25000  |
| TimeCost(sec) | 27.818 |
| Pi_q_loss     | 4.208  |
| Pi_l2_loss    | 0.054  |
| Q_loss        | 0.052  |
| Success       | 0.0    |
+---------------+--------+
2020-10-07 17:45:02
+---------------+--------+
| Epoch         | 0/40   |
| Cycle         | 10/20  |
| Episodes      | 550    |
| Timesteps     | 27500  |
| TimeCost(sec) | 27.696 |
| Pi_q_loss     | 4.542  |
| Pi_l2_loss    | 0.072  |
| Q_loss        | 0.071  |
| Success       | 0.0    |
+---------------+--------+
2020-10-07 17:45:30
+---------------+--------+
| Epoch         | 0/40   |
| Cycle         | 11/20  |
| Episodes      | 600    |
| Timesteps     | 30000  |
| TimeCost(sec) | 27.872 |
| Pi_q_loss     | 4.843  |
| Pi_l2_loss    | 0.076  |
| Q_loss        | 0.087  |
| Success       | 0.0    |
+---------------+--------+
2020-10-07 17:45:59
+---------------+--------+
| Epoch         | 0/40   |
| Cycle         | 12/20  |
| Episodes      | 650    |
| Timesteps     | 32500  |
| TimeCost(sec) | 28.509 |
| Pi_q_loss     | 5.111  |
| Pi_l2_loss    | 0.084  |
| Q_loss        | 0.118  |
| Success       | 0.0    |
+---------------+--------+
2020-10-07 17:46:27
+---------------+--------+
| Epoch         | 0/40   |
| Cycle         | 13/20  |
| Episodes      | 700    |
| Timesteps     | 35000  |
| TimeCost(sec) | 27.702 |
| Pi_q_loss     | 5.302  |
| Pi_l2_loss    | 0.087  |
| Q_loss        | 0.145  |
| Success       | 0.0    |
+---------------+--------+
2020-10-07 17:46:55
+---------------+-------+
| Epoch         | 0/40  |
| Cycle         | 14/20 |
| Episodes      | 750   |
| Timesteps     | 37500 |
| TimeCost(sec) | 28.66 |
| Pi_q_loss     | 5.566 |
| Pi_l2_loss    | 0.089 |
| Q_loss        | 0.179 |
| Success       | 0.0   |
+---------------+-------+
